# JRE version: Java(TM) SE Runtime Environment (8.0_221-b11) (build 1.8.0_221-b11)
# Java VM: Java HotSpot(TM) 64-Bit Server VM (25.221-b11 mixed mode windows-amd64 compressed oops)
Heap:
 PSYoungGen      total 159232K, used 155971K [0x00000000f5580000, 0x0000000100000000, 0x0000000100000000)
  eden space 144896K, 100% used [0x00000000f5580000,0x00000000fe300000,0x00000000fe300000)
  from space 14336K, 77% used [0x00000000fe300000,0x00000000fedd0f68,0x00000000ff100000)
  to   space 15360K, 14% used [0x00000000ff100000,0x00000000ff338000,0x0000000100000000)
 ParOldGen       total 87552K, used 42619K [0x00000000e0000000, 0x00000000e5580000, 0x00000000f5580000)
  object space 87552K, 48% used [0x00000000e0000000,0x00000000e299ec78,0x00000000e5580000)
 Metaspace       used 30744K, capacity 31060K, committed 31360K, reserved 1077248K
  class space    used 3101K, capacity 3188K, committed 3200K, reserved 1048576K
GC Heap History (10 events):
Event: 9.344 GC heap after
Heap after GC invocations=12 (full 1):
 PSYoungGen      total 159744K, used 3372K [0x00000000f5580000, 0x0000000100000000, 0x0000000100000000)
  eden space 144896K, 0% used [0x00000000f5580000,0x00000000f5580000,0x00000000fe300000)
  from space 14848K, 22% used [0x00000000fe300000,0x00000000fe64b088,0x00000000ff180000)
  to   space 14848K, 0% used [0x00000000ff180000,0x00000000ff180000,0x0000000100000000)
 ParOldGen       total 87552K, used 25986K [0x00000000e0000000, 0x00000000e5580000, 0x00000000f5580000)
  object space 87552K, 29% used [0x00000000e0000000,0x00000000e1960af0,0x00000000e5580000)
 Metaspace       used 24735K, capacity 25026K, committed 25344K, reserved 1071104K
  class space    used 2692K, capacity 2801K, committed 2816K, reserved 1048576K
}
Event: 9.443 GC heap before
{Heap before GC invocations=13 (full 1):
 PSYoungGen      total 159744K, used 148268K [0x00000000f5580000, 0x0000000100000000, 0x0000000100000000)
  eden space 144896K, 100% used [0x00000000f5580000,0x00000000fe300000,0x00000000fe300000)
  from space 14848K, 22% used [0x00000000fe300000,0x00000000fe64b088,0x00000000ff180000)
  to   space 14848K, 0% used [0x00000000ff180000,0x00000000ff180000,0x0000000100000000)
 ParOldGen       total 87552K, used 25986K [0x00000000e0000000, 0x00000000e5580000, 0x00000000f5580000)
  object space 87552K, 29% used [0x00000000e0000000,0x00000000e1960af0,0x00000000e5580000)
 Metaspace       used 25983K, capacity 26280K, committed 26496K, reserved 1073152K
  class space    used 2806K, capacity 2898K, committed 2944K, reserved 1048576K
Event: 9.446 GC heap after
Heap after GC invocations=13 (full 1):
 PSYoungGen      total 159744K, used 2232K [0x00000000f5580000, 0x0000000100000000, 0x0000000100000000)
  eden space 144896K, 0% used [0x00000000f5580000,0x00000000f5580000,0x00000000fe300000)
  from space 14848K, 15% used [0x00000000ff180000,0x00000000ff3ae140,0x0000000100000000)
  to   space 14848K, 0% used [0x00000000fe300000,0x00000000fe300000,0x00000000ff180000)
 ParOldGen       total 87552K, used 28676K [0x00000000e0000000, 0x00000000e5580000, 0x00000000f5580000)
  object space 87552K, 32% used [0x00000000e0000000,0x00000000e1c01268,0x00000000e5580000)
 Metaspace       used 25983K, capacity 26280K, committed 26496K, reserved 1073152K
  class space    used 2806K, capacity 2898K, committed 2944K, reserved 1048576K
}
Event: 9.642 GC heap before
{Heap before GC invocations=14 (full 1):
 PSYoungGen      total 159744K, used 147128K [0x00000000f5580000, 0x0000000100000000, 0x0000000100000000)
  eden space 144896K, 100% used [0x00000000f5580000,0x00000000fe300000,0x00000000fe300000)
  from space 14848K, 15% used [0x00000000ff180000,0x00000000ff3ae140,0x0000000100000000)
  to   space 14848K, 0% used [0x00000000fe300000,0x00000000fe300000,0x00000000ff180000)
 ParOldGen       total 87552K, used 28676K [0x00000000e0000000, 0x00000000e5580000, 0x00000000f5580000)
  object space 87552K, 32% used [0x00000000e0000000,0x00000000e1c01268,0x00000000e5580000)
 Metaspace       used 27247K, capacity 27496K, committed 27904K, reserved 1075200K
  class space    used 2888K, capacity 2962K, committed 3072K, reserved 1048576K
Event: 9.648 GC heap after
Heap after GC invocations=14 (full 1):
 PSYoungGen      total 159744K, used 4293K [0x00000000f5580000, 0x0000000100000000, 0x0000000100000000)
  eden space 144896K, 0% used [0x00000000f5580000,0x00000000f5580000,0x00000000fe300000)
  from space 14848K, 28% used [0x00000000fe300000,0x00000000fe7315f0,0x00000000ff180000)
  to   space 14848K, 0% used [0x00000000ff180000,0x00000000ff180000,0x0000000100000000)
 ParOldGen       total 87552K, used 29864K [0x00000000e0000000, 0x00000000e5580000, 0x00000000f5580000)
  object space 87552K, 34% used [0x00000000e0000000,0x00000000e1d2a370,0x00000000e5580000)
 Metaspace       used 27247K, capacity 27496K, committed 27904K, reserved 1075200K
  class space    used 2888K, capacity 2962K, committed 3072K, reserved 1048576K
}
Event: 10.037 GC heap before
{Heap before GC invocations=15 (full 1):
 PSYoungGen      total 159744K, used 149189K [0x00000000f5580000, 0x0000000100000000, 0x0000000100000000)
  eden space 144896K, 100% used [0x00000000f5580000,0x00000000fe300000,0x00000000fe300000)
  from space 14848K, 28% used [0x00000000fe300000,0x00000000fe7315f0,0x00000000ff180000)
  to   space 14848K, 0% used [0x00000000ff180000,0x00000000ff180000,0x0000000100000000)
 ParOldGen       total 87552K, used 29864K [0x00000000e0000000, 0x00000000e5580000, 0x00000000f5580000)
  object space 87552K, 34% used [0x00000000e0000000,0x00000000e1d2a370,0x00000000e5580000)
 Metaspace       used 27303K, capacity 27624K, committed 27904K, reserved 1075200K
  class space    used 2888K, capacity 2962K, committed 3072K, reserved 1048576K
Event: 10.041 GC heap after
Heap after GC invocations=15 (full 1):
 PSYoungGen      total 158720K, used 3619K [0x00000000f5580000, 0x00000000fff00000, 0x0000000100000000)
  eden space 144896K, 0% used [0x00000000f5580000,0x00000000f5580000,0x00000000fe300000)
  from space 13824K, 26% used [0x00000000ff180000,0x00000000ff508fc0,0x00000000fff00000)
  to   space 14336K, 0% used [0x00000000fe300000,0x00000000fe300000,0x00000000ff100000)
 ParOldGen       total 87552K, used 33048K [0x00000000e0000000, 0x00000000e5580000, 0x00000000f5580000)
  object space 87552K, 37% used [0x00000000e0000000,0x00000000e2046398,0x00000000e5580000)
 Metaspace       used 27303K, capacity 27624K, committed 27904K, reserved 1075200K
  class space    used 2888K, capacity 2962K, committed 3072K, reserved 1048576K
}
Event: 10.539 GC heap before
{Heap before GC invocations=16 (full 1):
 PSYoungGen      total 158720K, used 148515K [0x00000000f5580000, 0x00000000fff00000, 0x0000000100000000)
  eden space 144896K, 100% used [0x00000000f5580000,0x00000000fe300000,0x00000000fe300000)
  from space 13824K, 26% used [0x00000000ff180000,0x00000000ff508fc0,0x00000000fff00000)
  to   space 14336K, 0% used [0x00000000fe300000,0x00000000fe300000,0x00000000ff100000)
 ParOldGen       total 87552K, used 33048K [0x00000000e0000000, 0x00000000e5580000, 0x00000000f5580000)
  object space 87552K, 37% used [0x00000000e0000000,0x00000000e2046398,0x00000000e5580000)
 Metaspace       used 30058K, capacity 30356K, committed 30592K, reserved 1077248K
  class space    used 3055K, capacity 3124K, committed 3200K, reserved 1048576K
Event: 10.549 GC heap after
Heap after GC invocations=16 (full 1):
 PSYoungGen      total 159232K, used 11075K [0x00000000f5580000, 0x0000000100000000, 0x0000000100000000)
  eden space 144896K, 0% used [0x00000000f5580000,0x00000000f5580000,0x00000000fe300000)
  from space 14336K, 77% used [0x00000000fe300000,0x00000000fedd0f68,0x00000000ff100000)
  to   space 15360K, 0% used [0x00000000ff100000,0x00000000ff100000,0x0000000100000000)
 ParOldGen       total 87552K, used 36173K [0x00000000e0000000, 0x00000000e5580000, 0x00000000f5580000)
  object space 87552K, 41% used [0x00000000e0000000,0x00000000e2353608,0x00000000e5580000)
 Metaspace       used 30058K, capacity 30356K, committed 30592K, reserved 1077248K
  class space    used 3055K, capacity 3124K, committed 3200K, reserved 1048576K
}
Event: 11.609 GC heap before
{Heap before GC invocations=17 (full 1):
 PSYoungGen      total 159232K, used 155971K [0x00000000f5580000, 0x0000000100000000, 0x0000000100000000)
  eden space 144896K, 100% used [0x00000000f5580000,0x00000000fe300000,0x00000000fe300000)
  from space 14336K, 77% used [0x00000000fe300000,0x00000000fedd0f68,0x00000000ff100000)
  to   space 15360K, 0% used [0x00000000ff100000,0x00000000ff100000,0x0000000100000000)
 ParOldGen       total 87552K, used 36173K [0x00000000e0000000, 0x00000000e5580000, 0x00000000f5580000)
  object space 87552K, 41% used [0x00000000e0000000,0x00000000e2353608,0x00000000e5580000)
 Metaspace       used 30744K, capacity 31060K, committed 31360K, reserved 1077248K
  class space    used 3101K, capacity 3188K, committed 3200K, reserved 1048576K

