# JRE version: Java(TM) SE Runtime Environment (8.0_221-b11) (build 1.8.0_221-b11)
# Java VM: Java HotSpot(TM) 64-Bit Server VM (25.221-b11 mixed mode windows-amd64 compressed oops)
Heap:
 PSYoungGen      total 157696K, used 153227K [0x00000000f5580000, 0x0000000100000000, 0x0000000100000000)
  eden space 141824K, 100% used [0x00000000f5580000,0x00000000fe000000,0x00000000fe000000)
  from space 15872K, 71% used [0x00000000fe000000,0x00000000feb22f40,0x00000000fef80000)
  to   space 16896K, 0% used [0x00000000fef80000,0x00000000fef80000,0x0000000100000000)
 ParOldGen       total 87552K, used 36433K [0x00000000e0000000, 0x00000000e5580000, 0x00000000f5580000)
  object space 87552K, 41% used [0x00000000e0000000,0x00000000e2394430,0x00000000e5580000)
 Metaspace       used 30788K, capacity 31124K, committed 31360K, reserved 1077248K
  class space    used 3103K, capacity 3188K, committed 3200K, reserved 1048576K
GC Heap History (10 events):
Event: 6.757 GC heap before
{Heap before GC invocations=12 (full 1):
 PSYoungGen      total 158208K, used 154940K [0x00000000f5580000, 0x0000000100000000, 0x0000000100000000)
  eden space 142848K, 100% used [0x00000000f5580000,0x00000000fe100000,0x00000000fe100000)
  from space 15360K, 78% used [0x00000000ff100000,0x00000000ffccf268,0x0000000100000000)
  to   space 15872K, 0% used [0x00000000fe100000,0x00000000fe100000,0x00000000ff080000)
 ParOldGen       total 87552K, used 15976K [0x00000000e0000000, 0x00000000e5580000, 0x00000000f5580000)
  object space 87552K, 18% used [0x00000000e0000000,0x00000000e0f9a138,0x00000000e5580000)
 Metaspace       used 24851K, capacity 25154K, committed 25344K, reserved 1071104K
  class space    used 2702K, capacity 2801K, committed 2816K, reserved 1048576K
Event: 6.763 GC heap after
Heap after GC invocations=12 (full 1):
 PSYoungGen      total 145920K, used 2997K [0x00000000f5580000, 0x0000000100000000, 0x0000000100000000)
  eden space 142848K, 0% used [0x00000000f5580000,0x00000000f5580000,0x00000000fe100000)
  from space 3072K, 97% used [0x00000000fe100000,0x00000000fe3ed640,0x00000000fe400000)
  to   space 16384K, 0% used [0x00000000ff000000,0x00000000ff000000,0x0000000100000000)
 ParOldGen       total 87552K, used 26705K [0x00000000e0000000, 0x00000000e5580000, 0x00000000f5580000)
  object space 87552K, 30% used [0x00000000e0000000,0x00000000e1a146c8,0x00000000e5580000)
 Metaspace       used 24851K, capacity 25154K, committed 25344K, reserved 1071104K
  class space    used 2702K, capacity 2801K, committed 2816K, reserved 1048576K
}
Event: 6.867 GC heap before
{Heap before GC invocations=13 (full 1):
 PSYoungGen      total 145920K, used 145845K [0x00000000f5580000, 0x0000000100000000, 0x0000000100000000)
  eden space 142848K, 100% used [0x00000000f5580000,0x00000000fe100000,0x00000000fe100000)
  from space 3072K, 97% used [0x00000000fe100000,0x00000000fe3ed640,0x00000000fe400000)
  to   space 16384K, 0% used [0x00000000ff000000,0x00000000ff000000,0x0000000100000000)
 ParOldGen       total 87552K, used 26705K [0x00000000e0000000, 0x00000000e5580000, 0x00000000f5580000)
  object space 87552K, 30% used [0x00000000e0000000,0x00000000e1a146c8,0x00000000e5580000)
 Metaspace       used 25932K, capacity 26216K, committed 26496K, reserved 1073152K
  class space    used 2803K, capacity 2898K, committed 2944K, reserved 1048576K
Event: 6.869 GC heap after
Heap after GC invocations=13 (full 1):
 PSYoungGen      total 158208K, used 2161K [0x00000000f5580000, 0x0000000100000000, 0x0000000100000000)
  eden space 141824K, 0% used [0x00000000f5580000,0x00000000f5580000,0x00000000fe000000)
  from space 16384K, 13% used [0x00000000ff000000,0x00000000ff21c4d8,0x0000000100000000)
  to   space 16384K, 0% used [0x00000000fe000000,0x00000000fe000000,0x00000000ff000000)
 ParOldGen       total 87552K, used 28832K [0x00000000e0000000, 0x00000000e5580000, 0x00000000f5580000)
  object space 87552K, 32% used [0x00000000e0000000,0x00000000e1c28328,0x00000000e5580000)
 Metaspace       used 25932K, capacity 26216K, committed 26496K, reserved 1073152K
  class space    used 2803K, capacity 2898K, committed 2944K, reserved 1048576K
}
Event: 6.976 GC heap before
{Heap before GC invocations=14 (full 1):
 PSYoungGen      total 158208K, used 143985K [0x00000000f5580000, 0x0000000100000000, 0x0000000100000000)
  eden space 141824K, 100% used [0x00000000f5580000,0x00000000fe000000,0x00000000fe000000)
  from space 16384K, 13% used [0x00000000ff000000,0x00000000ff21c4d8,0x0000000100000000)
  to   space 16384K, 0% used [0x00000000fe000000,0x00000000fe000000,0x00000000ff000000)
 ParOldGen       total 87552K, used 28832K [0x00000000e0000000, 0x00000000e5580000, 0x00000000f5580000)
  object space 87552K, 32% used [0x00000000e0000000,0x00000000e1c28328,0x00000000e5580000)
 Metaspace       used 27173K, capacity 27496K, committed 27904K, reserved 1075200K
  class space    used 2883K, capacity 2962K, committed 3072K, reserved 1048576K
Event: 6.979 GC heap after
Heap after GC invocations=14 (full 1):
 PSYoungGen      total 158208K, used 3953K [0x00000000f5580000, 0x0000000100000000, 0x0000000100000000)
  eden space 141824K, 0% used [0x00000000f5580000,0x00000000f5580000,0x00000000fe000000)
  from space 16384K, 24% used [0x00000000fe000000,0x00000000fe3dc750,0x00000000ff000000)
  to   space 16384K, 0% used [0x00000000ff000000,0x00000000ff000000,0x0000000100000000)
 ParOldGen       total 87552K, used 30104K [0x00000000e0000000, 0x00000000e5580000, 0x00000000f5580000)
  object space 87552K, 34% used [0x00000000e0000000,0x00000000e1d66008,0x00000000e5580000)
 Metaspace       used 27173K, capacity 27496K, committed 27904K, reserved 1075200K
  class space    used 2883K, capacity 2962K, committed 3072K, reserved 1048576K
}
Event: 7.144 GC heap before
{Heap before GC invocations=15 (full 1):
 PSYoungGen      total 158208K, used 145777K [0x00000000f5580000, 0x0000000100000000, 0x0000000100000000)
  eden space 141824K, 100% used [0x00000000f5580000,0x00000000fe000000,0x00000000fe000000)
  from space 16384K, 24% used [0x00000000fe000000,0x00000000fe3dc750,0x00000000ff000000)
  to   space 16384K, 0% used [0x00000000ff000000,0x00000000ff000000,0x0000000100000000)
 ParOldGen       total 87552K, used 30104K [0x00000000e0000000, 0x00000000e5580000, 0x00000000f5580000)
  object space 87552K, 34% used [0x00000000e0000000,0x00000000e1d66008,0x00000000e5580000)
 Metaspace       used 27228K, capacity 27508K, committed 27904K, reserved 1075200K
  class space    used 2887K, capacity 2964K, committed 3072K, reserved 1048576K
Event: 7.148 GC heap after
Heap after GC invocations=15 (full 1):
 PSYoungGen      total 157184K, used 3422K [0x00000000f5580000, 0x00000000fff00000, 0x0000000100000000)
  eden space 141824K, 0% used [0x00000000f5580000,0x00000000f5580000,0x00000000fe000000)
  from space 15360K, 22% used [0x00000000ff000000,0x00000000ff357ad0,0x00000000fff00000)
  to   space 15872K, 0% used [0x00000000fe000000,0x00000000fe000000,0x00000000fef80000)
 ParOldGen       total 87552K, used 33122K [0x00000000e0000000, 0x00000000e5580000, 0x00000000f5580000)
  object space 87552K, 37% used [0x00000000e0000000,0x00000000e2058b30,0x00000000e5580000)
 Metaspace       used 27228K, capacity 27508K, committed 27904K, reserved 1075200K
  class space    used 2887K, capacity 2964K, committed 3072K, reserved 1048576K
}
Event: 8.148 GC heap before
{Heap before GC invocations=16 (full 1):
 PSYoungGen      total 157184K, used 145246K [0x00000000f5580000, 0x00000000fff00000, 0x0000000100000000)
  eden space 141824K, 100% used [0x00000000f5580000,0x00000000fe000000,0x00000000fe000000)
  from space 15360K, 22% used [0x00000000ff000000,0x00000000ff357ad0,0x00000000fff00000)
  to   space 15872K, 0% used [0x00000000fe000000,0x00000000fe000000,0x00000000fef80000)
 ParOldGen       total 87552K, used 33122K [0x00000000e0000000, 0x00000000e5580000, 0x00000000f5580000)
  object space 87552K, 37% used [0x00000000e0000000,0x00000000e2058b30,0x00000000e5580000)
 Metaspace       used 30031K, capacity 30292K, committed 30592K, reserved 1077248K
  class space    used 3057K, capacity 3124K, committed 3200K, reserved 1048576K
Event: 8.155 GC heap after
Heap after GC invocations=16 (full 1):
 PSYoungGen      total 157696K, used 11403K [0x00000000f5580000, 0x0000000100000000, 0x0000000100000000)
  eden space 141824K, 0% used [0x00000000f5580000,0x00000000f5580000,0x00000000fe000000)
  from space 15872K, 71% used [0x00000000fe000000,0x00000000feb22f40,0x00000000fef80000)
  to   space 16896K, 0% used [0x00000000fef80000,0x00000000fef80000,0x0000000100000000)
 ParOldGen       total 87552K, used 36433K [0x00000000e0000000, 0x00000000e5580000, 0x00000000f5580000)
  object space 87552K, 41% used [0x00000000e0000000,0x00000000e2394430,0x00000000e5580000)
 Metaspace       used 30031K, capacity 30292K, committed 30592K, reserved 1077248K
  class space    used 3057K, capacity 3124K, committed 3200K, reserved 1048576K
}

